2024-11-21 16:40:13 - Data connection not working. Turning on airplane mode...
/data/user/0/bin.mt.plus/files/term/bin/bash: line 1: settings put global airplane_mode_on 1: command not found
/data/user/0/bin.mt.plus/files/term/bin/bash: line 1: am broadcast -a android.intent.action.AIRPLANE_MODE --ez state true: command not found
2024-11-21 16:40:13 - Airplane mode ON
2024-11-21 16:40:13 - Turning off airplane mode...
/data/user/0/bin.mt.plus/files/term/bin/bash: line 1: settings put global airplane_mode_on 0: command not found
/data/user/0/bin.mt.plus/files/term/bin/bash: line 1: am broadcast -a android.intent.action.AIRPLANE_MODE --ez state false: command not found
2024-11-21 16:40:13 - Airplane mode OFF
2024-11-21 16:40:13 - Re-enabling cellular data...
/data/user/0/bin.mt.plus/files/term/bin/bash: line 1: svc data enable: command not found
2024-11-21 16:40:13 - Cellular data ON
2024-11-21 16:40:13 - Waiting for 5 seconds before pinging again...
2024-11-21 16:40:33 - Data connection not working. Turning on airplane mode...
/data/user/0/bin.mt.plus/files/term/bin/bash: line 1: settings put global airplane_mode_on 1: command not found
/data/user/0/bin.mt.plus/files/term/bin/bash: line 1: am broadcast -a android.intent.action.AIRPLANE_MODE --ez state true: command not found
2024-11-21 16:40:33 - Airplane mode ON
2024-11-21 16:40:33 - Turning off airplane mode...
/data/user/0/bin.mt.plus/files/term/bin/bash: line 1: settings put global airplane_mode_on 0: command not found
/data/user/0/bin.mt.plus/files/term/bin/bash: line 1: am broadcast -a android.intent.action.AIRPLANE_MODE --ez state false: command not found
2024-11-21 16:40:33 - Airplane mode OFF
2024-11-21 16:40:33 - Re-enabling cellular data...
/data/user/0/bin.mt.plus/files/term/bin/bash: line 1: svc data enable: command not found
2024-11-21 16:40:33 - Cellular data ON
2024-11-21 16:40:33 - Waiting for 5 seconds before pinging again...
2024-11-21 16:41:16 - Data connection not working. Turning on airplane mode...
/data/user/0/bin.mt.plus/files/term/bin/bash: line 1: settings put global airplane_mode_on 1: command not found
/data/user/0/bin.mt.plus/files/term/bin/bash: line 1: am broadcast -a android.intent.action.AIRPLANE_MODE --ez state true: command not found
2024-11-21 16:41:16 - Airplane mode ON
2024-11-21 16:41:16 - Turning off airplane mode...
/data/user/0/bin.mt.plus/files/term/bin/bash: line 1: settings put global airplane_mode_on 0: command not found
/data/user/0/bin.mt.plus/files/term/bin/bash: line 1: am broadcast -a android.intent.action.AIRPLANE_MODE --ez state false: command not found
2024-11-21 16:41:16 - Airplane mode OFF
2024-11-21 16:41:16 - Re-enabling cellular data...
/data/user/0/bin.mt.plus/files/term/bin/bash: line 1: svc data enable: command not found
2024-11-21 16:41:16 - Cellular data ON
2024-11-21 16:41:16 - Waiting for 5 seconds before pinging again...
2024-11-21 16:41:36 - Data connection not working. Turning on airplane mode...
/data/user/0/bin.mt.plus/files/term/bin/bash: line 1: settings put global airplane_mode_on 1: command not found
/data/user/0/bin.mt.plus/files/term/bin/bash: line 1: am broadcast -a android.intent.action.AIRPLANE_MODE --ez state true: command not found
2024-11-21 16:41:36 - Airplane mode ON
2024-11-21 16:41:36 - Turning off airplane mode...
/data/user/0/bin.mt.plus/files/term/bin/bash: line 1: settings put global airplane_mode_on 0: command not found
/data/user/0/bin.mt.plus/files/term/bin/bash: line 1: am broadcast -a android.intent.action.AIRPLANE_MODE --ez state false: command not found
2024-11-21 16:41:36 - Airplane mode OFF
2024-11-21 16:41:36 - Re-enabling cellular data...
/data/user/0/bin.mt.plus/files/term/bin/bash: line 1: svc data enable: command not found
2024-11-21 16:41:36 - Cellular data ON
2024-11-21 16:41:36 - Waiting for 5 seconds before pinging again...
2024-11-21 16:41:55 - Data connection not working. Turning on airplane mode...
/data/user/0/bin.mt.plus/files/term/bin/bash: line 1: settings put global airplane_mode_on 1: command not found
/data/user/0/bin.mt.plus/files/term/bin/bash: line 1: am broadcast -a android.intent.action.AIRPLANE_MODE --ez state true: command not found
2024-11-21 16:41:55 - Airplane mode ON
2024-11-21 16:41:55 - Turning off airplane mode...
/data/user/0/bin.mt.plus/files/term/bin/bash: line 1: settings put global airplane_mode_on 0: command not found
/data/user/0/bin.mt.plus/files/term/bin/bash: line 1: am broadcast -a android.intent.action.AIRPLANE_MODE --ez state false: command not found
2024-11-21 16:41:55 - Airplane mode OFF
2024-11-21 16:41:55 - Re-enabling cellular data...
/data/user/0/bin.mt.plus/files/term/bin/bash: line 1: svc data enable: command not found
2024-11-21 16:41:55 - Cellular data ON
2024-11-21 16:41:55 - Waiting for 5 seconds before pinging again...
2024-11-21 16:42:38 - Data connection not working. Turning on airplane mode...
/data/user/0/bin.mt.plus/files/term/bin/bash: line 1: settings put global airplane_mode_on 1: command not found
/data/user/0/bin.mt.plus/files/term/bin/bash: line 1: am broadcast -a android.intent.action.AIRPLANE_MODE --ez state true: command not found
2024-11-21 16:42:38 - Airplane mode ON
2024-11-21 16:42:38 - Turning off airplane mode...
/data/user/0/bin.mt.plus/files/term/bin/bash: line 1: settings put global airplane_mode_on 0: command not found
/data/user/0/bin.mt.plus/files/term/bin/bash: line 1: am broadcast -a android.intent.action.AIRPLANE_MODE --ez state false: command not found
2024-11-21 16:42:38 - Airplane mode OFF
2024-11-21 16:42:38 - Re-enabling cellular data...
/data/user/0/bin.mt.plus/files/term/bin/bash: line 1: svc data enable: command not found
2024-11-21 16:42:38 - Cellular data ON
2024-11-21 16:42:38 - Waiting for 5 seconds before pinging again...
2024-11-21 16:43:38 - Data connection not working. Turning on airplane mode...
/data/user/0/bin.mt.plus/files/term/bin/bash: line 1: settings put global airplane_mode_on 1: command not found
/data/user/0/bin.mt.plus/files/term/bin/bash: line 1: am broadcast -a android.intent.action.AIRPLANE_MODE --ez state true: command not found
2024-11-21 16:43:38 - Airplane mode ON
2024-11-21 16:43:38 - Turning off airplane mode...
/data/user/0/bin.mt.plus/files/term/bin/bash: line 1: settings put global airplane_mode_on 0: command not found
/data/user/0/bin.mt.plus/files/term/bin/bash: line 1: am broadcast -a android.intent.action.AIRPLANE_MODE --ez state false: command not found
2024-11-21 16:43:38 - Airplane mode OFF
2024-11-21 16:43:38 - Re-enabling cellular data...
/data/user/0/bin.mt.plus/files/term/bin/bash: line 1: svc data enable: command not found
2024-11-21 16:43:38 - Cellular data ON
2024-11-21 16:43:38 - Waiting for 5 seconds before pinging again...
2024-11-21 16:44:37 - Data connection not working. Turning on airplane mode...
/data/user/0/bin.mt.plus/files/term/bin/bash: line 1: settings put global airplane_mode_on 1: command not found
/data/user/0/bin.mt.plus/files/term/bin/bash: line 1: am broadcast -a android.intent.action.AIRPLANE_MODE --ez state true: command not found
2024-11-21 16:44:37 - Airplane mode ON
2024-11-21 16:44:37 - Turning off airplane mode...
/data/user/0/bin.mt.plus/files/term/bin/bash: line 1: settings put global airplane_mode_on 0: command not found
/data/user/0/bin.mt.plus/files/term/bin/bash: line 1: am broadcast -a android.intent.action.AIRPLANE_MODE --ez state false: command not found
2024-11-21 16:44:37 - Airplane mode OFF
2024-11-21 16:44:37 - Re-enabling cellular data...
/data/user/0/bin.mt.plus/files/term/bin/bash: line 1: svc data enable: command not found
2024-11-21 16:44:37 - Cellular data ON
2024-11-21 16:44:37 - Waiting for 5 seconds before pinging again...
2024-11-21 16:56:59 - Data connection not working. Turning on airplane mode...
/data/user/0/bin.mt.plus/files/term/bin/bash: line 1: settings put global airplane_mode_on 1: command not found
/data/user/0/bin.mt.plus/files/term/bin/bash: line 1: am broadcast -a android.intent.action.AIRPLANE_MODE --ez state true: command not found
2024-11-21 16:56:59 - Airplane mode ON
2024-11-21 16:56:59 - Turning off airplane mode...
/data/user/0/bin.mt.plus/files/term/bin/bash: line 1: settings put global airplane_mode_on 0: command not found
/data/user/0/bin.mt.plus/files/term/bin/bash: line 1: am broadcast -a android.intent.action.AIRPLANE_MODE --ez state false: command not found
2024-11-21 16:56:59 - Airplane mode OFF
2024-11-21 16:56:59 - Re-enabling cellular data...
/data/user/0/bin.mt.plus/files/term/bin/bash: line 1: svc data enable: command not found
2024-11-21 16:56:59 - Cellular data ON
2024-11-21 16:56:59 - Waiting for 5 seconds before pinging again...
2024-11-21 16:57:30 - Data connection not working. Turning on airplane mode...
/data/user/0/bin.mt.plus/files/term/bin/bash: line 1: settings put global airplane_mode_on 1: command not found
/data/user/0/bin.mt.plus/files/term/bin/bash: line 1: am broadcast -a android.intent.action.AIRPLANE_MODE --ez state true: command not found
2024-11-21 16:57:30 - Airplane mode ON
2024-11-21 16:57:30 - Turning off airplane mode...
/data/user/0/bin.mt.plus/files/term/bin/bash: line 1: settings put global airplane_mode_on 0: command not found
/data/user/0/bin.mt.plus/files/term/bin/bash: line 1: am broadcast -a android.intent.action.AIRPLANE_MODE --ez state false: command not found
2024-11-21 16:57:30 - Airplane mode OFF
2024-11-21 16:57:30 - Re-enabling cellular data...
/data/user/0/bin.mt.plus/files/term/bin/bash: line 1: svc data enable: command not found
2024-11-21 16:57:30 - Cellular data ON
2024-11-21 16:57:30 - Waiting for 5 seconds before pinging again...
2024-11-21 17:00:27 - Data connection not working. Turning on airplane mode...
/data/user/0/bin.mt.plus/files/term/bin/bash: line 1: settings put global airplane_mode_on 1: command not found
/data/user/0/bin.mt.plus/files/term/bin/bash: line 1: am broadcast -a android.intent.action.AIRPLANE_MODE --ez state true: command not found
2024-11-21 17:00:27 - Airplane mode ON
2024-11-21 17:00:27 - Turning off airplane mode...
/data/user/0/bin.mt.plus/files/term/bin/bash: line 1: settings put global airplane_mode_on 0: command not found
/data/user/0/bin.mt.plus/files/term/bin/bash: line 1: am broadcast -a android.intent.action.AIRPLANE_MODE --ez state false: command not found
2024-11-21 17:00:27 - Airplane mode OFF
2024-11-21 17:00:27 - Re-enabling cellular data...
/data/user/0/bin.mt.plus/files/term/bin/bash: line 1: svc data enable: command not found
2024-11-21 17:00:27 - Cellular data ON
2024-11-21 17:00:27 - Waiting for 5 seconds before pinging again...
2024-11-21 17:03:35 - Data connection not working. Turning on airplane mode...
/data/user/0/bin.mt.plus/files/term/bin/bash: line 1: settings put global airplane_mode_on 1: command not found
/data/user/0/bin.mt.plus/files/term/bin/bash: line 1: am broadcast -a android.intent.action.AIRPLANE_MODE --ez state true: command not found
2024-11-21 17:03:35 - Airplane mode ON
2024-11-21 17:03:35 - Turning off airplane mode...
/data/user/0/bin.mt.plus/files/term/bin/bash: line 1: settings put global airplane_mode_on 0: command not found
/data/user/0/bin.mt.plus/files/term/bin/bash: line 1: am broadcast -a android.intent.action.AIRPLANE_MODE --ez state false: command not found
2024-11-21 17:03:35 - Airplane mode OFF
2024-11-21 17:03:35 - Re-enabling cellular data...
/data/user/0/bin.mt.plus/files/term/bin/bash: line 1: svc data enable: command not found
2024-11-21 17:03:35 - Cellular data ON
2024-11-21 17:03:35 - Waiting for 5 seconds before pinging again...
2024-11-21 17:03:55 - Data connection not working. Turning on airplane mode...
/data/user/0/bin.mt.plus/files/term/bin/bash: line 1: settings put global airplane_mode_on 1: command not found
/data/user/0/bin.mt.plus/files/term/bin/bash: line 1: am broadcast -a android.intent.action.AIRPLANE_MODE --ez state true: command not found
2024-11-21 17:03:55 - Airplane mode ON
2024-11-21 17:03:55 - Turning off airplane mode...
/data/user/0/bin.mt.plus/files/term/bin/bash: line 1: settings put global airplane_mode_on 0: command not found
/data/user/0/bin.mt.plus/files/term/bin/bash: line 1: am broadcast -a android.intent.action.AIRPLANE_MODE --ez state false: command not found
2024-11-21 17:03:55 - Airplane mode OFF
2024-11-21 17:03:55 - Re-enabling cellular data...
/data/user/0/bin.mt.plus/files/term/bin/bash: line 1: svc data enable: command not found
2024-11-21 17:03:55 - Cellular data ON
2024-11-21 17:03:55 - Waiting for 5 seconds before pinging again...
2024-11-21 17:04:38 - Data connection not working. Turning on airplane mode...
/data/user/0/bin.mt.plus/files/term/bin/bash: line 1: settings put global airplane_mode_on 1: command not found
/data/user/0/bin.mt.plus/files/term/bin/bash: line 1: am broadcast -a android.intent.action.AIRPLANE_MODE --ez state true: command not found
2024-11-21 17:04:38 - Airplane mode ON
2024-11-21 17:04:38 - Turning off airplane mode...
/data/user/0/bin.mt.plus/files/term/bin/bash: line 1: settings put global airplane_mode_on 0: command not found
/data/user/0/bin.mt.plus/files/term/bin/bash: line 1: am broadcast -a android.intent.action.AIRPLANE_MODE --ez state false: command not found
2024-11-21 17:04:38 - Airplane mode OFF
2024-11-21 17:04:38 - Re-enabling cellular data...
/data/user/0/bin.mt.plus/files/term/bin/bash: line 1: svc data enable: command not found
2024-11-21 17:04:38 - Cellular data ON
2024-11-21 17:04:38 - Waiting for 5 seconds before pinging again...
2024-11-21 17:10:08 - Data connection not working. Turning on airplane mode...
/data/user/0/bin.mt.plus/files/term/bin/bash: line 1: settings put global airplane_mode_on 1: command not found
/data/user/0/bin.mt.plus/files/term/bin/bash: line 1: am broadcast -a android.intent.action.AIRPLANE_MODE --ez state true: command not found
2024-11-21 17:10:08 - Airplane mode ON
2024-11-21 17:10:08 - Turning off airplane mode...
/data/user/0/bin.mt.plus/files/term/bin/bash: line 1: settings put global airplane_mode_on 0: command not found
/data/user/0/bin.mt.plus/files/term/bin/bash: line 1: am broadcast -a android.intent.action.AIRPLANE_MODE --ez state false: command not found
2024-11-21 17:10:08 - Airplane mode OFF
2024-11-21 17:10:08 - Re-enabling cellular data...
/data/user/0/bin.mt.plus/files/term/bin/bash: line 1: svc data enable: command not found
2024-11-21 17:10:08 - Cellular data ON
2024-11-21 17:10:08 - Waiting for 5 seconds before pinging again...
2024-11-21 17:10:28 - Data connection not working. Turning on airplane mode...
/data/user/0/bin.mt.plus/files/term/bin/bash: line 1: settings put global airplane_mode_on 1: command not found
/data/user/0/bin.mt.plus/files/term/bin/bash: line 1: am broadcast -a android.intent.action.AIRPLANE_MODE --ez state true: command not found
2024-11-21 17:10:28 - Airplane mode ON
2024-11-21 17:10:28 - Turning off airplane mode...
/data/user/0/bin.mt.plus/files/term/bin/bash: line 1: settings put global airplane_mode_on 0: command not found
/data/user/0/bin.mt.plus/files/term/bin/bash: line 1: am broadcast -a android.intent.action.AIRPLANE_MODE --ez state false: command not found
2024-11-21 17:10:28 - Airplane mode OFF
2024-11-21 17:10:28 - Re-enabling cellular data...
/data/user/0/bin.mt.plus/files/term/bin/bash: line 1: svc data enable: command not found
2024-11-21 17:10:28 - Cellular data ON
2024-11-21 17:10:28 - Waiting for 5 seconds before pinging again...
2024-11-21 17:14:29 - Data connection not working. Turning on airplane mode...
/data/user/0/bin.mt.plus/files/term/bin/bash: line 1: settings put global airplane_mode_on 1: command not found
/data/user/0/bin.mt.plus/files/term/bin/bash: line 1: am broadcast -a android.intent.action.AIRPLANE_MODE --ez state true: command not found
2024-11-21 17:14:29 - Airplane mode ON
2024-11-21 17:14:29 - Turning off airplane mode...
/data/user/0/bin.mt.plus/files/term/bin/bash: line 1: settings put global airplane_mode_on 0: command not found
/data/user/0/bin.mt.plus/files/term/bin/bash: line 1: am broadcast -a android.intent.action.AIRPLANE_MODE --ez state false: command not found
2024-11-21 17:14:29 - Airplane mode OFF
2024-11-21 17:14:29 - Re-enabling cellular data...
/data/user/0/bin.mt.plus/files/term/bin/bash: line 1: svc data enable: command not found
2024-11-21 17:14:29 - Cellular data ON
2024-11-21 17:14:29 - Waiting for 5 seconds before pinging again...
2024-11-21 17:15:46 - Data connection not working. Turning on airplane mode...
/data/user/0/bin.mt.plus/files/term/bin/bash: line 1: settings put global airplane_mode_on 1: command not found
/data/user/0/bin.mt.plus/files/term/bin/bash: line 1: am broadcast -a android.intent.action.AIRPLANE_MODE --ez state true: command not found
2024-11-21 17:15:46 - Airplane mode ON
2024-11-21 17:15:46 - Turning off airplane mode...
/data/user/0/bin.mt.plus/files/term/bin/bash: line 1: settings put global airplane_mode_on 0: command not found
/data/user/0/bin.mt.plus/files/term/bin/bash: line 1: am broadcast -a android.intent.action.AIRPLANE_MODE --ez state false: command not found
2024-11-21 17:15:46 - Airplane mode OFF
2024-11-21 17:15:46 - Re-enabling cellular data...
/data/user/0/bin.mt.plus/files/term/bin/bash: line 1: svc data enable: command not found
2024-11-21 17:15:46 - Cellular data ON
2024-11-21 17:15:46 - Waiting for 5 seconds before pinging again...
2024-11-21 17:20:03 - Data connection not working. Turning on airplane mode...
/data/user/0/bin.mt.plus/files/term/bin/bash: line 1: settings put global airplane_mode_on 1: command not found
/data/user/0/bin.mt.plus/files/term/bin/bash: line 1: am broadcast -a android.intent.action.AIRPLANE_MODE --ez state true: command not found
2024-11-21 17:20:03 - Airplane mode ON
2024-11-21 17:20:03 - Turning off airplane mode...
/data/user/0/bin.mt.plus/files/term/bin/bash: line 1: settings put global airplane_mode_on 0: command not found
/data/user/0/bin.mt.plus/files/term/bin/bash: line 1: am broadcast -a android.intent.action.AIRPLANE_MODE --ez state false: command not found
2024-11-21 17:20:03 - Airplane mode OFF
2024-11-21 17:20:03 - Re-enabling cellular data...
/data/user/0/bin.mt.plus/files/term/bin/bash: line 1: svc data enable: command not found
2024-11-21 17:20:03 - Cellular data ON
2024-11-21 17:20:03 - Waiting for 5 seconds before pinging again...
2024-11-21 17:24:23 - Data connection not working. Turning on airplane mode...
/data/user/0/bin.mt.plus/files/term/bin/bash: line 1: settings put global airplane_mode_on 1: command not found
/data/user/0/bin.mt.plus/files/term/bin/bash: line 1: am broadcast -a android.intent.action.AIRPLANE_MODE --ez state true: command not found
2024-11-21 17:24:23 - Airplane mode ON
2024-11-21 17:24:23 - Turning off airplane mode...
/data/user/0/bin.mt.plus/files/term/bin/bash: line 1: settings put global airplane_mode_on 0: command not found
/data/user/0/bin.mt.plus/files/term/bin/bash: line 1: am broadcast -a android.intent.action.AIRPLANE_MODE --ez state false: command not found
2024-11-21 17:24:23 - Airplane mode OFF
2024-11-21 17:24:23 - Re-enabling cellular data...
/data/user/0/bin.mt.plus/files/term/bin/bash: line 1: svc data enable: command not found
2024-11-21 17:24:23 - Cellular data ON
2024-11-21 17:24:23 - Waiting for 5 seconds before pinging again...
2024-11-21 17:24:44 - Data connection not working. Turning on airplane mode...
/data/user/0/bin.mt.plus/files/term/bin/bash: line 1: settings put global airplane_mode_on 1: command not found
/data/user/0/bin.mt.plus/files/term/bin/bash: line 1: am broadcast -a android.intent.action.AIRPLANE_MODE --ez state true: command not found
2024-11-21 17:24:44 - Airplane mode ON
2024-11-21 17:24:44 - Turning off airplane mode...
/data/user/0/bin.mt.plus/files/term/bin/bash: line 1: settings put global airplane_mode_on 0: command not found
/data/user/0/bin.mt.plus/files/term/bin/bash: line 1: am broadcast -a android.intent.action.AIRPLANE_MODE --ez state false: command not found
2024-11-21 17:24:44 - Airplane mode OFF
2024-11-21 17:24:44 - Re-enabling cellular data...
/data/user/0/bin.mt.plus/files/term/bin/bash: line 1: svc data enable: command not found
2024-11-21 17:24:44 - Cellular data ON
2024-11-21 17:24:44 - Waiting for 5 seconds before pinging again...
2024-11-21 17:25:44 - Data connection not working. Turning on airplane mode...
/data/user/0/bin.mt.plus/files/term/bin/bash: line 1: settings put global airplane_mode_on 1: command not found
/data/user/0/bin.mt.plus/files/term/bin/bash: line 1: am broadcast -a android.intent.action.AIRPLANE_MODE --ez state true: command not found
2024-11-21 17:25:44 - Airplane mode ON
2024-11-21 17:25:44 - Turning off airplane mode...
/data/user/0/bin.mt.plus/files/term/bin/bash: line 1: settings put global airplane_mode_on 0: command not found
/data/user/0/bin.mt.plus/files/term/bin/bash: line 1: am broadcast -a android.intent.action.AIRPLANE_MODE --ez state false: command not found
2024-11-21 17:25:44 - Airplane mode OFF
2024-11-21 17:25:44 - Re-enabling cellular data...
/data/user/0/bin.mt.plus/files/term/bin/bash: line 1: svc data enable: command not found
2024-11-21 17:25:44 - Cellular data ON
2024-11-21 17:25:44 - Waiting for 5 seconds before pinging again...
2024-11-21 17:33:16 - Data connection not working. Turning on airplane mode...
/data/user/0/bin.mt.plus/files/term/bin/bash: line 1: settings put global airplane_mode_on 1: command not found
/data/user/0/bin.mt.plus/files/term/bin/bash: line 1: am broadcast -a android.intent.action.AIRPLANE_MODE --ez state true: command not found
2024-11-21 17:33:16 - Airplane mode ON
2024-11-21 17:33:16 - Turning off airplane mode...
/data/user/0/bin.mt.plus/files/term/bin/bash: line 1: settings put global airplane_mode_on 0: command not found
/data/user/0/bin.mt.plus/files/term/bin/bash: line 1: am broadcast -a android.intent.action.AIRPLANE_MODE --ez state false: command not found
2024-11-21 17:33:16 - Airplane mode OFF
2024-11-21 17:33:16 - Re-enabling cellular data...
/data/user/0/bin.mt.plus/files/term/bin/bash: line 1: svc data enable: command not found
2024-11-21 17:33:16 - Cellular data ON
2024-11-21 17:33:16 - Waiting for 5 seconds before pinging again...
2024-11-21 17:33:36 - Data connection not working. Turning on airplane mode...
/data/user/0/bin.mt.plus/files/term/bin/bash: line 1: settings put global airplane_mode_on 1: command not found
/data/user/0/bin.mt.plus/files/term/bin/bash: line 1: am broadcast -a android.intent.action.AIRPLANE_MODE --ez state true: command not found
2024-11-21 17:33:36 - Airplane mode ON
2024-11-21 17:33:36 - Turning off airplane mode...
/data/user/0/bin.mt.plus/files/term/bin/bash: line 1: settings put global airplane_mode_on 0: command not found
/data/user/0/bin.mt.plus/files/term/bin/bash: line 1: am broadcast -a android.intent.action.AIRPLANE_MODE --ez state false: command not found
2024-11-21 17:33:36 - Airplane mode OFF
2024-11-21 17:33:36 - Re-enabling cellular data...
/data/user/0/bin.mt.plus/files/term/bin/bash: line 1: svc data enable: command not found
2024-11-21 17:33:36 - Cellular data ON
2024-11-21 17:33:36 - Waiting for 5 seconds before pinging again...
2024-11-21 17:34:36 - Data connection not working. Turning on airplane mode...
/data/user/0/bin.mt.plus/files/term/bin/bash: line 1: settings put global airplane_mode_on 1: command not found
/data/user/0/bin.mt.plus/files/term/bin/bash: line 1: am broadcast -a android.intent.action.AIRPLANE_MODE --ez state true: command not found
2024-11-21 17:34:36 - Airplane mode ON
2024-11-21 17:34:36 - Turning off airplane mode...
/data/user/0/bin.mt.plus/files/term/bin/bash: line 1: settings put global airplane_mode_on 0: command not found
/data/user/0/bin.mt.plus/files/term/bin/bash: line 1: am broadcast -a android.intent.action.AIRPLANE_MODE --ez state false: command not found
2024-11-21 17:34:36 - Airplane mode OFF
2024-11-21 17:34:36 - Re-enabling cellular data...
/data/user/0/bin.mt.plus/files/term/bin/bash: line 1: svc data enable: command not found
2024-11-21 17:34:36 - Cellular data ON
2024-11-21 17:34:36 - Waiting for 5 seconds before pinging again...
2024-11-21 17:35:36 - Data connection not working. Turning on airplane mode...
/data/user/0/bin.mt.plus/files/term/bin/bash: line 1: settings put global airplane_mode_on 1: command not found
/data/user/0/bin.mt.plus/files/term/bin/bash: line 1: am broadcast -a android.intent.action.AIRPLANE_MODE --ez state true: command not found
2024-11-21 17:35:36 - Airplane mode ON
2024-11-21 17:35:36 - Turning off airplane mode...
/data/user/0/bin.mt.plus/files/term/bin/bash: line 1: settings put global airplane_mode_on 0: command not found
/data/user/0/bin.mt.plus/files/term/bin/bash: line 1: am broadcast -a android.intent.action.AIRPLANE_MODE --ez state false: command not found
2024-11-21 17:35:36 - Airplane mode OFF
2024-11-21 17:35:36 - Re-enabling cellular data...
/data/user/0/bin.mt.plus/files/term/bin/bash: line 1: svc data enable: command not found
2024-11-21 17:35:36 - Cellular data ON
2024-11-21 17:35:36 - Waiting for 5 seconds before pinging again...
2024-11-21 17:36:01 - Data connection not working. Turning on airplane mode...
/data/user/0/bin.mt.plus/files/term/bin/bash: line 1: settings put global airplane_mode_on 1: command not found
/data/user/0/bin.mt.plus/files/term/bin/bash: line 1: am broadcast -a android.intent.action.AIRPLANE_MODE --ez state true: command not found
2024-11-21 17:36:01 - Airplane mode ON
2024-11-21 17:36:01 - Turning off airplane mode...
/data/user/0/bin.mt.plus/files/term/bin/bash: line 1: settings put global airplane_mode_on 0: command not found
/data/user/0/bin.mt.plus/files/term/bin/bash: line 1: am broadcast -a android.intent.action.AIRPLANE_MODE --ez state false: command not found
2024-11-21 17:36:01 - Airplane mode OFF
2024-11-21 17:36:01 - Re-enabling cellular data...
/data/user/0/bin.mt.plus/files/term/bin/bash: line 1: svc data enable: command not found
2024-11-21 17:36:01 - Cellular data ON
2024-11-21 17:36:01 - Waiting for 5 seconds before pinging again...
2024-11-21 17:36:40 - Data connection not working. Turning on airplane mode...
/data/user/0/bin.mt.plus/files/term/bin/bash: line 1: settings put global airplane_mode_on 1: command not found
/data/user/0/bin.mt.plus/files/term/bin/bash: line 1: am broadcast -a android.intent.action.AIRPLANE_MODE --ez state true: command not found
2024-11-21 17:36:40 - Airplane mode ON
2024-11-21 17:36:40 - Turning off airplane mode...
/data/user/0/bin.mt.plus/files/term/bin/bash: line 1: settings put global airplane_mode_on 0: command not found
/data/user/0/bin.mt.plus/files/term/bin/bash: line 1: am broadcast -a android.intent.action.AIRPLANE_MODE --ez state false: command not found
2024-11-21 17:36:40 - Airplane mode OFF
2024-11-21 17:36:40 - Re-enabling cellular data...
/data/user/0/bin.mt.plus/files/term/bin/bash: line 1: svc data enable: command not found
2024-11-21 17:36:40 - Cellular data ON
2024-11-21 17:36:40 - Waiting for 5 seconds before pinging again...
2024-11-21 17:37:06 - Data connection not working. Turning on airplane mode...
/data/user/0/bin.mt.plus/files/term/bin/bash: line 1: settings put global airplane_mode_on 1: command not found
/data/user/0/bin.mt.plus/files/term/bin/bash: line 1: am broadcast -a android.intent.action.AIRPLANE_MODE --ez state true: command not found
2024-11-21 17:37:06 - Airplane mode ON
2024-11-21 17:37:06 - Turning off airplane mode...
/data/user/0/bin.mt.plus/files/term/bin/bash: line 1: settings put global airplane_mode_on 0: command not found
/data/user/0/bin.mt.plus/files/term/bin/bash: line 1: am broadcast -a android.intent.action.AIRPLANE_MODE --ez state false: command not found
2024-11-21 17:37:06 - Airplane mode OFF
2024-11-21 17:37:06 - Re-enabling cellular data...
/data/user/0/bin.mt.plus/files/term/bin/bash: line 1: svc data enable: command not found
2024-11-21 17:37:06 - Cellular data ON
2024-11-21 17:37:06 - Waiting for 5 seconds before pinging again...
ping: unknown host google.com
2024-11-21 17:37:46 - Ping failed. Turning on airplane mode...
/data/user/0/bin.mt.plus/files/term/bin/bash: line 1: settings put global airplane_mode_on 1: command not found
/data/user/0/bin.mt.plus/files/term/bin/bash: line 1: am broadcast -a android.intent.action.AIRPLANE_MODE --ez state true: command not found
2024-11-21 17:37:46 - Airplane mode ON
2024-11-21 17:37:46 - Turning off airplane mode...
/data/user/0/bin.mt.plus/files/term/bin/bash: line 1: settings put global airplane_mode_on 0: command not found
/data/user/0/bin.mt.plus/files/term/bin/bash: line 1: am broadcast -a android.intent.action.AIRPLANE_MODE --ez state false: command not found
2024-11-21 17:37:46 - Airplane mode OFF
2024-11-21 17:37:46 - Re-enabling cellular data...
/data/user/0/bin.mt.plus/files/term/bin/bash: line 1: svc data enable: command not found
2024-11-21 17:37:46 - Cellular data ON
2024-11-21 17:37:46 - Waiting for 5 seconds before pinging again...
2024-11-21 17:37:46 - Data connection not working. Turning on airplane mode...
/data/user/0/bin.mt.plus/files/term/bin/bash: line 1: settings put global airplane_mode_on 1: command not found
/data/user/0/bin.mt.plus/files/term/bin/bash: line 1: am broadcast -a android.intent.action.AIRPLANE_MODE --ez state true: command not found
2024-11-21 17:37:46 - Airplane mode ON
2024-11-21 17:37:46 - Turning off airplane mode...
/data/user/0/bin.mt.plus/files/term/bin/bash: line 1: settings put global airplane_mode_on 0: command not found
/data/user/0/bin.mt.plus/files/term/bin/bash: line 1: am broadcast -a android.intent.action.AIRPLANE_MODE --ez state false: command not found
2024-11-21 17:37:46 - Airplane mode OFF
2024-11-21 17:37:46 - Re-enabling cellular data...
/data/user/0/bin.mt.plus/files/term/bin/bash: line 1: svc data enable: command not found
2024-11-21 17:37:46 - Cellular data ON
2024-11-21 17:37:46 - Waiting for 5 seconds before pinging again...
ping: unknown host google.com
2024-11-21 17:38:39 - Ping failed. Turning on airplane mode...
/data/user/0/bin.mt.plus/files/term/bin/bash: line 1: settings put global airplane_mode_on 1: command not found
/data/user/0/bin.mt.plus/files/term/bin/bash: line 1: am broadcast -a android.intent.action.AIRPLANE_MODE --ez state true: command not found
2024-11-21 17:38:39 - Airplane mode ON
2024-11-21 17:38:39 - Turning off airplane mode...
/data/user/0/bin.mt.plus/files/term/bin/bash: line 1: settings put global airplane_mode_on 0: command not found
/data/user/0/bin.mt.plus/files/term/bin/bash: line 1: am broadcast -a android.intent.action.AIRPLANE_MODE --ez state false: command not found
2024-11-21 17:38:39 - Airplane mode OFF
2024-11-21 17:38:39 - Re-enabling cellular data...
/data/user/0/bin.mt.plus/files/term/bin/bash: line 1: svc data enable: command not found
2024-11-21 17:38:39 - Cellular data ON
2024-11-21 17:38:39 - Waiting for 5 seconds before pinging again...
2024-11-21 17:38:39 - Data connection not working. Turning on airplane mode...
/data/user/0/bin.mt.plus/files/term/bin/bash: line 1: settings put global airplane_mode_on 1: command not found
/data/user/0/bin.mt.plus/files/term/bin/bash: line 1: am broadcast -a android.intent.action.AIRPLANE_MODE --ez state true: command not found
2024-11-21 17:38:39 - Airplane mode ON
2024-11-21 17:38:39 - Turning off airplane mode...
/data/user/0/bin.mt.plus/files/term/bin/bash: line 1: settings put global airplane_mode_on 0: command not found
/data/user/0/bin.mt.plus/files/term/bin/bash: line 1: am broadcast -a android.intent.action.AIRPLANE_MODE --ez state false: command not found
2024-11-21 17:38:39 - Airplane mode OFF
2024-11-21 17:38:39 - Re-enabling cellular data...
/data/user/0/bin.mt.plus/files/term/bin/bash: line 1: svc data enable: command not found
2024-11-21 17:38:39 - Cellular data ON
2024-11-21 17:38:39 - Waiting for 5 seconds before pinging again...
ping: unknown host google.com
2024-11-21 17:39:39 - Ping failed. Turning on airplane mode...
/data/user/0/bin.mt.plus/files/term/bin/bash: line 1: settings put global airplane_mode_on 1: command not found
/data/user/0/bin.mt.plus/files/term/bin/bash: line 1: am broadcast -a android.intent.action.AIRPLANE_MODE --ez state true: command not found
2024-11-21 17:39:39 - Airplane mode ON
2024-11-21 17:39:39 - Turning off airplane mode...
/data/user/0/bin.mt.plus/files/term/bin/bash: line 1: settings put global airplane_mode_on 0: command not found
/data/user/0/bin.mt.plus/files/term/bin/bash: line 1: am broadcast -a android.intent.action.AIRPLANE_MODE --ez state false: command not found
2024-11-21 17:39:39 - Airplane mode OFF
2024-11-21 17:39:39 - Re-enabling cellular data...
/data/user/0/bin.mt.plus/files/term/bin/bash: line 1: svc data enable: command not found
2024-11-21 17:39:39 - Cellular data ON
2024-11-21 17:39:39 - Waiting for 5 seconds before pinging again...
2024-11-21 17:39:39 - Data connection not working. Turning on airplane mode...
/data/user/0/bin.mt.plus/files/term/bin/bash: line 1: settings put global airplane_mode_on 1: command not found
/data/user/0/bin.mt.plus/files/term/bin/bash: line 1: am broadcast -a android.intent.action.AIRPLANE_MODE --ez state true: command not found
2024-11-21 17:39:39 - Airplane mode ON
2024-11-21 17:39:39 - Turning off airplane mode...
/data/user/0/bin.mt.plus/files/term/bin/bash: line 1: settings put global airplane_mode_on 0: command not found
/data/user/0/bin.mt.plus/files/term/bin/bash: line 1: am broadcast -a android.intent.action.AIRPLANE_MODE --ez state false: command not found
2024-11-21 17:39:39 - Airplane mode OFF
2024-11-21 17:39:39 - Re-enabling cellular data...
/data/user/0/bin.mt.plus/files/term/bin/bash: line 1: svc data enable: command not found
2024-11-21 17:39:39 - Cellular data ON
2024-11-21 17:39:39 - Waiting for 5 seconds before pinging again...
2024-11-21 17:42:10 - Data connection not working. Turning on airplane mode...
/data/user/0/bin.mt.plus/files/term/bin/bash: line 1: settings put global airplane_mode_on 1: command not found
/data/user/0/bin.mt.plus/files/term/bin/bash: line 1: am broadcast -a android.intent.action.AIRPLANE_MODE --ez state true: command not found
2024-11-21 17:42:10 - Airplane mode ON
2024-11-21 17:42:10 - Turning off airplane mode...
/data/user/0/bin.mt.plus/files/term/bin/bash: line 1: settings put global airplane_mode_on 0: command not found
/data/user/0/bin.mt.plus/files/term/bin/bash: line 1: am broadcast -a android.intent.action.AIRPLANE_MODE --ez state false: command not found
2024-11-21 17:42:10 - Airplane mode OFF
2024-11-21 17:42:10 - Re-enabling cellular data...
/data/user/0/bin.mt.plus/files/term/bin/bash: line 1: svc data enable: command not found
2024-11-21 17:42:10 - Cellular data ON
2024-11-21 17:42:10 - Waiting for 5 seconds before pinging again...
2024-11-21 17:42:58 - Data connection not working. Turning on airplane mode...
/data/user/0/bin.mt.plus/files/term/bin/bash: line 1: settings put global airplane_mode_on 1: command not found
/data/user/0/bin.mt.plus/files/term/bin/bash: line 1: am broadcast -a android.intent.action.AIRPLANE_MODE --ez state true: command not found
2024-11-21 17:42:58 - Airplane mode ON
2024-11-21 17:42:58 - Turning off airplane mode...
/data/user/0/bin.mt.plus/files/term/bin/bash: line 1: settings put global airplane_mode_on 0: command not found
/data/user/0/bin.mt.plus/files/term/bin/bash: line 1: am broadcast -a android.intent.action.AIRPLANE_MODE --ez state false: command not found
2024-11-21 17:42:58 - Airplane mode OFF
2024-11-21 17:42:58 - Re-enabling cellular data...
/data/user/0/bin.mt.plus/files/term/bin/bash: line 1: svc data enable: command not found
2024-11-21 17:42:58 - Cellular data ON
2024-11-21 17:42:58 - Waiting for 5 seconds before pinging again...
2024-11-21 17:43:59 - Data connection not working. Turning on airplane mode...
/data/user/0/bin.mt.plus/files/term/bin/bash: line 1: settings put global airplane_mode_on 1: command not found
/data/user/0/bin.mt.plus/files/term/bin/bash: line 1: am broadcast -a android.intent.action.AIRPLANE_MODE --ez state true: command not found
2024-11-21 17:43:59 - Airplane mode ON
2024-11-21 17:43:59 - Turning off airplane mode...
/data/user/0/bin.mt.plus/files/term/bin/bash: line 1: settings put global airplane_mode_on 0: command not found
/data/user/0/bin.mt.plus/files/term/bin/bash: line 1: am broadcast -a android.intent.action.AIRPLANE_MODE --ez state false: command not found
2024-11-21 17:43:59 - Airplane mode OFF
2024-11-21 17:43:59 - Re-enabling cellular data...
/data/user/0/bin.mt.plus/files/term/bin/bash: line 1: svc data enable: command not found
2024-11-21 17:43:59 - Cellular data ON
2024-11-21 17:43:59 - Waiting for 5 seconds before pinging again...
2024-11-21 17:44:23 - Data connection not working. Turning on airplane mode...
/data/user/0/bin.mt.plus/files/term/bin/bash: line 1: settings put global airplane_mode_on 1: command not found
/data/user/0/bin.mt.plus/files/term/bin/bash: line 1: am broadcast -a android.intent.action.AIRPLANE_MODE --ez state true: command not found
2024-11-21 17:44:23 - Airplane mode ON
2024-11-21 17:44:23 - Turning off airplane mode...
/data/user/0/bin.mt.plus/files/term/bin/bash: line 1: settings put global airplane_mode_on 0: command not found
/data/user/0/bin.mt.plus/files/term/bin/bash: line 1: am broadcast -a android.intent.action.AIRPLANE_MODE --ez state false: command not found
2024-11-21 17:44:23 - Airplane mode OFF
2024-11-21 17:44:23 - Re-enabling cellular data...
/data/user/0/bin.mt.plus/files/term/bin/bash: line 1: svc data enable: command not found
2024-11-21 17:44:23 - Cellular data ON
2024-11-21 17:44:23 - Waiting for 5 seconds before pinging again...
2024-11-21 17:44:47 - Data connection not working. Turning on airplane mode...
/data/user/0/bin.mt.plus/files/term/bin/bash: line 1: settings put global airplane_mode_on 1: command not found
/data/user/0/bin.mt.plus/files/term/bin/bash: line 1: am broadcast -a android.intent.action.AIRPLANE_MODE --ez state true: command not found
2024-11-21 17:44:47 - Airplane mode ON
2024-11-21 17:44:47 - Turning off airplane mode...
/data/user/0/bin.mt.plus/files/term/bin/bash: line 1: settings put global airplane_mode_on 0: command not found
/data/user/0/bin.mt.plus/files/term/bin/bash: line 1: am broadcast -a android.intent.action.AIRPLANE_MODE --ez state false: command not found
2024-11-21 17:44:47 - Airplane mode OFF
2024-11-21 17:44:47 - Re-enabling cellular data...
/data/user/0/bin.mt.plus/files/term/bin/bash: line 1: svc data enable: command not found
2024-11-21 17:44:47 - Cellular data ON
2024-11-21 17:44:47 - Waiting for 5 seconds before pinging again...
2024-11-21 17:45:11 - Data connection not working. Turning on airplane mode...
/data/user/0/bin.mt.plus/files/term/bin/bash: line 1: settings put global airplane_mode_on 1: command not found
/data/user/0/bin.mt.plus/files/term/bin/bash: line 1: am broadcast -a android.intent.action.AIRPLANE_MODE --ez state true: command not found
2024-11-21 17:45:11 - Airplane mode ON
2024-11-21 17:45:11 - Turning off airplane mode...
/data/user/0/bin.mt.plus/files/term/bin/bash: line 1: settings put global airplane_mode_on 0: command not found
/data/user/0/bin.mt.plus/files/term/bin/bash: line 1: am broadcast -a android.intent.action.AIRPLANE_MODE --ez state false: command not found
2024-11-21 17:45:11 - Airplane mode OFF
2024-11-21 17:45:11 - Re-enabling cellular data...
/data/user/0/bin.mt.plus/files/term/bin/bash: line 1: svc data enable: command not found
2024-11-21 17:45:11 - Cellular data ON
2024-11-21 17:45:11 - Waiting for 5 seconds before pinging again...
ping: unknown host google.com
2024-11-21 17:45:35 - Ping failed. Turning on airplane mode...
/data/user/0/bin.mt.plus/files/term/bin/bash: line 1: settings put global airplane_mode_on 1: command not found
/data/user/0/bin.mt.plus/files/term/bin/bash: line 1: am broadcast -a android.intent.action.AIRPLANE_MODE --ez state true: command not found
2024-11-21 17:45:35 - Airplane mode ON
2024-11-21 17:45:35 - Turning off airplane mode...
/data/user/0/bin.mt.plus/files/term/bin/bash: line 1: settings put global airplane_mode_on 0: command not found
/data/user/0/bin.mt.plus/files/term/bin/bash: line 1: am broadcast -a android.intent.action.AIRPLANE_MODE --ez state false: command not found
2024-11-21 17:45:35 - Airplane mode OFF
2024-11-21 17:45:35 - Re-enabling cellular data...
/data/user/0/bin.mt.plus/files/term/bin/bash: line 1: svc data enable: command not found
2024-11-21 17:45:35 - Cellular data ON
2024-11-21 17:45:35 - Waiting for 5 seconds before pinging again...
2024-11-21 17:45:35 - Data connection not working. Turning on airplane mode...
/data/user/0/bin.mt.plus/files/term/bin/bash: line 1: settings put global airplane_mode_on 1: command not found
/data/user/0/bin.mt.plus/files/term/bin/bash: line 1: am broadcast -a android.intent.action.AIRPLANE_MODE --ez state true: command not found
2024-11-21 17:45:35 - Airplane mode ON
2024-11-21 17:45:35 - Turning off airplane mode...
/data/user/0/bin.mt.plus/files/term/bin/bash: line 1: settings put global airplane_mode_on 0: command not found
/data/user/0/bin.mt.plus/files/term/bin/bash: line 1: am broadcast -a android.intent.action.AIRPLANE_MODE --ez state false: command not found
2024-11-21 17:45:35 - Airplane mode OFF
2024-11-21 17:45:35 - Re-enabling cellular data...
/data/user/0/bin.mt.plus/files/term/bin/bash: line 1: svc data enable: command not found
2024-11-21 17:45:35 - Cellular data ON
2024-11-21 17:45:35 - Waiting for 5 seconds before pinging again...
2024-11-21 17:48:32 - Data connection not working. Turning on airplane mode...
/data/user/0/bin.mt.plus/files/term/bin/bash: line 1: settings put global airplane_mode_on 1: command not found
/data/user/0/bin.mt.plus/files/term/bin/bash: line 1: am broadcast -a android.intent.action.AIRPLANE_MODE --ez state true: command not found
2024-11-21 17:48:32 - Airplane mode ON
2024-11-21 17:48:32 - Turning off airplane mode...
/data/user/0/bin.mt.plus/files/term/bin/bash: line 1: settings put global airplane_mode_on 0: command not found
/data/user/0/bin.mt.plus/files/term/bin/bash: line 1: am broadcast -a android.intent.action.AIRPLANE_MODE --ez state false: command not found
2024-11-21 17:48:32 - Airplane mode OFF
2024-11-21 17:48:32 - Re-enabling cellular data...
/data/user/0/bin.mt.plus/files/term/bin/bash: line 1: svc data enable: command not found
2024-11-21 17:48:32 - Cellular data ON
2024-11-21 17:48:32 - Waiting for 5 seconds before pinging again...
2024-11-21 17:49:16 - Data connection not working. Turning on airplane mode...
/data/user/0/bin.mt.plus/files/term/bin/bash: line 1: settings put global airplane_mode_on 1: command not found
/data/user/0/bin.mt.plus/files/term/bin/bash: line 1: am broadcast -a android.intent.action.AIRPLANE_MODE --ez state true: command not found
2024-11-21 17:49:16 - Airplane mode ON
2024-11-21 17:49:16 - Turning off airplane mode...
/data/user/0/bin.mt.plus/files/term/bin/bash: line 1: settings put global airplane_mode_on 0: command not found
/data/user/0/bin.mt.plus/files/term/bin/bash: line 1: am broadcast -a android.intent.action.AIRPLANE_MODE --ez state false: command not found
2024-11-21 17:49:16 - Airplane mode OFF
2024-11-21 17:49:16 - Re-enabling cellular data...
/data/user/0/bin.mt.plus/files/term/bin/bash: line 1: svc data enable: command not found
2024-11-21 17:49:16 - Cellular data ON
2024-11-21 17:49:16 - Waiting for 5 seconds before pinging again...
2024-11-21 17:51:25 - Data connection not working. Turning on airplane mode...
/data/user/0/bin.mt.plus/files/term/bin/bash: line 1: settings put global airplane_mode_on 1: command not found
/data/user/0/bin.mt.plus/files/term/bin/bash: line 1: am broadcast -a android.intent.action.AIRPLANE_MODE --ez state true: command not found
2024-11-21 17:51:25 - Airplane mode ON
2024-11-21 17:51:25 - Turning off airplane mode...
/data/user/0/bin.mt.plus/files/term/bin/bash: line 1: settings put global airplane_mode_on 0: command not found
/data/user/0/bin.mt.plus/files/term/bin/bash: line 1: am broadcast -a android.intent.action.AIRPLANE_MODE --ez state false: command not found
2024-11-21 17:51:25 - Airplane mode OFF
2024-11-21 17:51:25 - Re-enabling cellular data...
/data/user/0/bin.mt.plus/files/term/bin/bash: line 1: svc data enable: command not found
2024-11-21 17:51:25 - Cellular data ON
2024-11-21 17:51:25 - Waiting for 5 seconds before pinging again...
ping: sendmsg: Network is unreachable
ping: sendmsg: Network is unreachable
ping: sendmsg: Network is unreachable
ping: sendmsg: Network is unreachable
2024-11-21 17:54:26 - Data connection not working. Turning on airplane mode...
/data/user/0/bin.mt.plus/files/term/bin/bash: line 1: settings put global airplane_mode_on 1: command not found
/data/user/0/bin.mt.plus/files/term/bin/bash: line 1: am broadcast -a android.intent.action.AIRPLANE_MODE --ez state true: command not found
2024-11-21 17:54:26 - Airplane mode ON
2024-11-21 17:54:26 - Turning off airplane mode...
/data/user/0/bin.mt.plus/files/term/bin/bash: line 1: settings put global airplane_mode_on 0: command not found
/data/user/0/bin.mt.plus/files/term/bin/bash: line 1: am broadcast -a android.intent.action.AIRPLANE_MODE --ez state false: command not found
2024-11-21 17:54:26 - Airplane mode OFF
2024-11-21 17:54:26 - Re-enabling cellular data...
/data/user/0/bin.mt.plus/files/term/bin/bash: line 1: svc data enable: command not found
2024-11-21 17:54:26 - Cellular data ON
2024-11-21 17:54:26 - Waiting for 5 seconds before pinging again...
ping: sendmsg: Network is unreachable
ping: sendmsg: Network is unreachable
2024-11-21 17:57:23 - Data connection not working. Turning on airplane mode...
/data/user/0/bin.mt.plus/files/term/bin/bash: line 1: settings put global airplane_mode_on 1: command not found
/data/user/0/bin.mt.plus/files/term/bin/bash: line 1: am broadcast -a android.intent.action.AIRPLANE_MODE --ez state true: command not found
2024-11-21 17:57:23 - Airplane mode ON
2024-11-21 17:57:23 - Turning off airplane mode...
/data/user/0/bin.mt.plus/files/term/bin/bash: line 1: settings put global airplane_mode_on 0: command not found
/data/user/0/bin.mt.plus/files/term/bin/bash: line 1: am broadcast -a android.intent.action.AIRPLANE_MODE --ez state false: command not found
2024-11-21 17:57:23 - Airplane mode OFF
2024-11-21 17:57:23 - Re-enabling cellular data...
/data/user/0/bin.mt.plus/files/term/bin/bash: line 1: svc data enable: command not found
2024-11-21 17:57:23 - Cellular data ON
2024-11-21 17:57:23 - Waiting for 5 seconds before pinging again...
2024-11-21 17:58:11 - Data connection not working. Turning on airplane mode...
/data/user/0/bin.mt.plus/files/term/bin/bash: line 1: settings put global airplane_mode_on 1: command not found
/data/user/0/bin.mt.plus/files/term/bin/bash: line 1: am broadcast -a android.intent.action.AIRPLANE_MODE --ez state true: command not found
2024-11-21 17:58:11 - Airplane mode ON
2024-11-21 17:58:11 - Turning off airplane mode...
/data/user/0/bin.mt.plus/files/term/bin/bash: line 1: settings put global airplane_mode_on 0: command not found
/data/user/0/bin.mt.plus/files/term/bin/bash: line 1: am broadcast -a android.intent.action.AIRPLANE_MODE --ez state false: command not found
2024-11-21 17:58:11 - Airplane mode OFF
2024-11-21 17:58:11 - Re-enabling cellular data...
/data/user/0/bin.mt.plus/files/term/bin/bash: line 1: svc data enable: command not found
2024-11-21 17:58:11 - Cellular data ON
2024-11-21 17:58:11 - Waiting for 5 seconds before pinging again...
ping: sendmsg: Network is unreachable
ping: sendmsg: Network is unreachable
ping: sendmsg: Network is unreachable
2024-11-21 17:59:16 - Data connection not working. Turning on airplane mode...
/data/user/0/bin.mt.plus/files/term/bin/bash: line 1: settings put global airplane_mode_on 1: command not found
/data/user/0/bin.mt.plus/files/term/bin/bash: line 1: am broadcast -a android.intent.action.AIRPLANE_MODE --ez state true: command not found
2024-11-21 17:59:16 - Airplane mode ON
